<?xml version="1.0" encoding="UTF-8" standalone="yes"?><!DOCTYPE report PUBLIC "-//JACOCO//DTD Report 1.1//EN" "report.dtd"><report name="composite-delegator"><sessioninfo id="fv-az988-330-f5f39527" start="1671649969726" dump="1671650009350"/><package name="eu/bitfunk/gradle/plugin/tool/composite/delegator"><class name="eu/bitfunk/gradle/plugin/tool/composite/delegator/CompositeDelegatorContract$Plugin" sourcefilename="CompositeDelegatorContract.kt"/><class name="eu/bitfunk/gradle/plugin/tool/composite/delegator/CompositeDelegatorPlugin$configureTasks$$inlined$with$lambda$1" sourcefilename="CompositeDelegatorPlugin.kt"><method name="execute" desc="(Lorg/gradle/api/Project;)V" line="52"><counter type="INSTRUCTION" missed="0" covered="39"/><counter type="LINE" missed="0" covered="2"/><counter type="COMPLEXITY" missed="0" covered="1"/><counter type="METHOD" missed="0" covered="1"/></method><counter type="INSTRUCTION" missed="0" covered="39"/><counter type="LINE" missed="0" covered="2"/><counter type="COMPLEXITY" missed="0" covered="1"/><counter type="METHOD" missed="0" covered="1"/><counter type="CLASS" missed="0" covered="1"/></class><class name="eu/bitfunk/gradle/plugin/tool/composite/delegator/CompositeDelegatorPlugin" sourcefilename="CompositeDelegatorPlugin.kt"><method name="apply" desc="(Lorg/gradle/api/Project;)V" line="33"><counter type="INSTRUCTION" missed="0" covered="12"/><counter type="LINE" missed="0" covered="3"/><counter type="COMPLEXITY" missed="0" covered="1"/><counter type="METHOD" missed="0" covered="1"/></method><method name="addExtension" desc="(Lorg/gradle/api/Project;)Leu/bitfunk/gradle/plugin/tool/composite/delegator/CompositeDelegatorContract$Extension;" line="37"><counter type="INSTRUCTION" missed="0" covered="28"/><counter type="LINE" missed="0" covered="6"/><counter type="COMPLEXITY" missed="0" covered="1"/><counter type="METHOD" missed="0" covered="1"/></method><method name="configureTasks" desc="(Lorg/gradle/api/Project;Leu/bitfunk/gradle/plugin/tool/composite/delegator/CompositeDelegatorContract$Extension;)V" line="48"><counter type="INSTRUCTION" missed="0" covered="37"/><counter type="LINE" missed="0" covered="4"/><counter type="COMPLEXITY" missed="0" covered="1"/><counter type="METHOD" missed="0" covered="1"/></method><method name="addTask" desc="(Lorg/gradle/api/Project;Ljava/util/Map$Entry;)V" line="56"><counter type="INSTRUCTION" missed="0" covered="76"/><counter type="BRANCH" missed="0" covered="2"/><counter type="LINE" missed="0" covered="6"/><counter type="COMPLEXITY" missed="0" covered="2"/><counter type="METHOD" missed="0" covered="1"/></method><method name="&lt;init&gt;" desc="()V" line="30"><counter type="INSTRUCTION" missed="0" covered="3"/><counter type="LINE" missed="0" covered="1"/><counter type="COMPLEXITY" missed="0" covered="1"/><counter type="METHOD" missed="0" covered="1"/></method><method name="&lt;clinit&gt;" desc="()V" line="66"><counter type="INSTRUCTION" missed="0" covered="64"/><counter type="LINE" missed="0" covered="10"/><counter type="COMPLEXITY" missed="0" covered="1"/><counter type="METHOD" missed="0" covered="1"/></method><counter type="INSTRUCTION" missed="0" covered="220"/><counter type="BRANCH" missed="0" covered="2"/><counter type="LINE" missed="0" covered="30"/><counter type="COMPLEXITY" missed="0" covered="7"/><counter type="METHOD" missed="0" covered="6"/><counter type="CLASS" missed="0" covered="1"/></class><class name="eu/bitfunk/gradle/plugin/tool/composite/delegator/CompositeDelegatorContract$Companion" sourcefilename="CompositeDelegatorContract.kt"><method name="&lt;clinit&gt;" desc="()V" line="42"><counter type="INSTRUCTION" missed="7" covered="0"/><counter type="LINE" missed="1" covered="0"/><counter type="COMPLEXITY" missed="1" covered="0"/><counter type="METHOD" missed="1" covered="0"/></method><counter type="INSTRUCTION" missed="7" covered="0"/><counter type="LINE" missed="1" covered="0"/><counter type="COMPLEXITY" missed="1" covered="0"/><counter type="METHOD" missed="1" covered="0"/><counter type="CLASS" missed="1" covered="0"/></class><class name="eu/bitfunk/gradle/plugin/tool/composite/delegator/CompositeDelegatorContract$Extension" sourcefilename="CompositeDelegatorContract.kt"/><class name="eu/bitfunk/gradle/plugin/tool/composite/delegator/CompositeDelegatorPlugin$Companion" sourcefilename="CompositeDelegatorPlugin.kt"/><class name="eu/bitfunk/gradle/plugin/tool/composite/delegator/CompositeDelegatorPluginExtension" sourcefilename="CompositeDelegatorPluginExtension.kt"/><class name="eu/bitfunk/gradle/plugin/tool/composite/delegator/CompositeDelegatorContract" sourcefilename="CompositeDelegatorContract.kt"/><sourcefile name="CompositeDelegatorContract.kt"><line nr="42" mi="7" ci="0" mb="0" cb="0"/><counter type="INSTRUCTION" missed="7" covered="0"/><counter type="LINE" missed="1" covered="0"/><counter type="COMPLEXITY" missed="1" covered="0"/><counter type="METHOD" missed="1" covered="0"/><counter type="CLASS" missed="1" covered="0"/></sourcefile><sourcefile name="CompositeDelegatorPluginExtension.kt"/><sourcefile name="CompositeDelegatorPlugin.kt"><line nr="30" mi="0" ci="3" mb="0" cb="0"/><line nr="33" mi="0" ci="4" mb="0" cb="0"/><line nr="34" mi="0" ci="4" mb="0" cb="0"/><line nr="35" mi="0" ci="1" mb="0" cb="0"/><line nr="37" mi="0" ci="4" mb="0" cb="0"/><line nr="38" mi="0" ci="8" mb="0" cb="0"/><line nr="39" mi="0" ci="1" mb="0" cb="0"/><line nr="40" mi="0" ci="3" mb="0" cb="0"/><line nr="43" mi="0" ci="6" mb="0" cb="0"/><line nr="45" mi="0" ci="3" mb="0" cb="0"/><line nr="48" mi="0" ci="5" mb="0" cb="0"/><line nr="49" mi="0" ci="15" mb="0" cb="0"/><line nr="51" mi="0" ci="9" mb="0" cb="0"/><line nr="52" mi="0" ci="35" mb="0" cb="0"/><line nr="53" mi="0" ci="1" mb="0" cb="0"/><line nr="54" mi="0" ci="2" mb="0" cb="0"/><line nr="56" mi="0" ci="5" mb="0" cb="0"/><line nr="57" mi="0" ci="7" mb="0" cb="2"/><line nr="58" mi="0" ci="13" mb="0" cb="0"/><line nr="60" mi="0" ci="7" mb="0" cb="0"/><line nr="62" mi="0" ci="42" mb="0" cb="0"/><line nr="63" mi="0" ci="2" mb="0" cb="0"/><line nr="66" mi="0" ci="6" mb="0" cb="0"/><line nr="67" mi="0" ci="6" mb="0" cb="0"/><line nr="68" mi="0" ci="6" mb="0" cb="0"/><line nr="69" mi="0" ci="6" mb="0" cb="0"/><line nr="70" mi="0" ci="6" mb="0" cb="0"/><line nr="71" mi="0" ci="6" mb="0" cb="0"/><line nr="72" mi="0" ci="6" mb="0" cb="0"/><line nr="73" mi="0" ci="6" mb="0" cb="0"/><line nr="74" mi="0" ci="6" mb="0" cb="0"/><line nr="75" mi="0" ci="5" mb="0" cb="0"/><counter type="INSTRUCTION" missed="0" covered="259"/><counter type="BRANCH" missed="0" covered="2"/><counter type="LINE" missed="0" covered="32"/><counter type="COMPLEXITY" missed="0" covered="8"/><counter type="METHOD" missed="0" covered="7"/><counter type="CLASS" missed="0" covered="2"/></sourcefile><counter type="INSTRUCTION" missed="7" covered="259"/><counter type="BRANCH" missed="0" covered="2"/><counter type="LINE" missed="1" covered="32"/><counter type="COMPLEXITY" missed="1" covered="8"/><counter type="METHOD" missed="1" covered="7"/><counter type="CLASS" missed="1" covered="2"/></package><counter type="INSTRUCTION" missed="7" covered="259"/><counter type="BRANCH" missed="0" covered="2"/><counter type="LINE" missed="1" covered="32"/><counter type="COMPLEXITY" missed="1" covered="8"/><counter type="METHOD" missed="1" covered="7"/><counter type="CLASS" missed="1" covered="2"/></report>