<?xml version="1.0" encoding="UTF-8" standalone="yes"?><!DOCTYPE report PUBLIC "-//JACOCO//DTD Report 1.1//EN" "report.dtd"><report name="publish"><sessioninfo id="fv-az338-964-a405bc99" start="1670540264383" dump="1670540302108"/><package name="eu/bitfunk/gradle/plugin/tool/publish"><class name="eu/bitfunk/gradle/plugin/tool/publish/PublishPlugin$configurePublishing$$inlined$with$lambda$1$1$1" sourcefilename="PublishPlugin.kt"><method name="invoke" desc="(Lorg/gradle/api/publish/maven/MavenPublication;)V" line="59"><counter type="INSTRUCTION" missed="0" covered="11"/><counter type="LINE" missed="0" covered="2"/><counter type="COMPLEXITY" missed="0" covered="1"/><counter type="METHOD" missed="0" covered="1"/></method><counter type="INSTRUCTION" missed="0" covered="11"/><counter type="LINE" missed="0" covered="2"/><counter type="COMPLEXITY" missed="0" covered="1"/><counter type="METHOD" missed="0" covered="1"/><counter type="CLASS" missed="0" covered="1"/></class><class name="eu/bitfunk/gradle/plugin/tool/publish/PublishContract$Extension" sourcefilename="PublishContract.kt"/><class name="eu/bitfunk/gradle/plugin/tool/publish/PublishContract$Plugin" sourcefilename="PublishContract.kt"/><class name="eu/bitfunk/gradle/plugin/tool/publish/PublishPlugin$configurePublishing$1$1$1$inlined$sam$i$org_gradle_api_Action$0" sourcefilename="DomainObjectCollectionExtensions.kt"/><class name="eu/bitfunk/gradle/plugin/tool/publish/PublishPlugin" sourcefilename="PublishPlugin.kt"><method name="apply" desc="(Lorg/gradle/api/Project;)V" line="35"><counter type="INSTRUCTION" missed="0" covered="19"/><counter type="LINE" missed="0" covered="5"/><counter type="COMPLEXITY" missed="0" covered="1"/><counter type="METHOD" missed="0" covered="1"/></method><method name="addPlugins" desc="(Lorg/gradle/api/Project;)V" line="43"><counter type="INSTRUCTION" missed="0" covered="12"/><counter type="LINE" missed="0" covered="3"/><counter type="COMPLEXITY" missed="0" covered="1"/><counter type="METHOD" missed="0" covered="1"/></method><method name="addExtension" desc="(Lorg/gradle/api/Project;)Leu/bitfunk/gradle/plugin/tool/publish/PublishContract$Extension;" line="47"><counter type="INSTRUCTION" missed="0" covered="28"/><counter type="LINE" missed="0" covered="4"/><counter type="COMPLEXITY" missed="0" covered="1"/><counter type="METHOD" missed="0" covered="1"/></method><method name="configurePublishing" desc="(Lorg/gradle/api/Project;Leu/bitfunk/gradle/plugin/tool/publish/PublishContract$Extension;)V" line="55"><counter type="INSTRUCTION" missed="0" covered="22"/><counter type="LINE" missed="0" covered="3"/><counter type="COMPLEXITY" missed="0" covered="1"/><counter type="METHOD" missed="0" covered="1"/></method><method name="configureSigning" desc="(Lorg/gradle/api/Project;Leu/bitfunk/gradle/plugin/tool/publish/PublishContract$Extension;)V" line="101"><counter type="INSTRUCTION" missed="0" covered="38"/><counter type="BRANCH" missed="0" covered="2"/><counter type="LINE" missed="0" covered="5"/><counter type="COMPLEXITY" missed="0" covered="2"/><counter type="METHOD" missed="0" covered="1"/></method><method name="loadSigningKey" desc="(Lorg/gradle/api/Project;)Ljava/lang/String;" line="118"><counter type="INSTRUCTION" missed="0" covered="6"/><counter type="LINE" missed="0" covered="1"/><counter type="COMPLEXITY" missed="0" covered="1"/><counter type="METHOD" missed="0" covered="1"/></method><method name="loadSigningPassword" desc="(Lorg/gradle/api/Project;)Ljava/lang/String;" line="122"><counter type="INSTRUCTION" missed="0" covered="6"/><counter type="LINE" missed="0" covered="1"/><counter type="COMPLEXITY" missed="0" covered="1"/><counter type="METHOD" missed="0" covered="1"/></method><method name="loadProperty" desc="(Lorg/gradle/api/Project;Ljava/lang/String;Ljava/lang/String;)Ljava/lang/String;" line="126"><counter type="INSTRUCTION" missed="0" covered="49"/><counter type="BRANCH" missed="1" covered="9"/><counter type="LINE" missed="0" covered="3"/><counter type="COMPLEXITY" missed="1" covered="5"/><counter type="METHOD" missed="0" covered="1"/></method><method name="publishing" desc="(Lorg/gradle/api/Project;Lorg/gradle/api/Action;)V" line="134"><counter type="INSTRUCTION" missed="0" covered="6"/><counter type="LINE" missed="0" covered="2"/><counter type="COMPLEXITY" missed="0" covered="1"/><counter type="METHOD" missed="0" covered="1"/></method><method name="signing" desc="(Lorg/gradle/api/Project;Lorg/gradle/api/Action;)V" line="138"><counter type="INSTRUCTION" missed="0" covered="6"/><counter type="LINE" missed="0" covered="2"/><counter type="COMPLEXITY" missed="0" covered="1"/><counter type="METHOD" missed="0" covered="1"/></method><method name="publishingExtension" desc="(Lorg/gradle/api/Project;)Lorg/gradle/api/publish/PublishingExtension;" line="142"><counter type="INSTRUCTION" missed="0" covered="11"/><counter type="LINE" missed="0" covered="1"/><counter type="COMPLEXITY" missed="0" covered="1"/><counter type="METHOD" missed="0" covered="1"/></method><method name="&lt;init&gt;" desc="()V" line="32"><counter type="INSTRUCTION" missed="0" covered="3"/><counter type="LINE" missed="0" covered="1"/><counter type="COMPLEXITY" missed="0" covered="1"/><counter type="METHOD" missed="0" covered="1"/></method><counter type="INSTRUCTION" missed="0" covered="206"/><counter type="BRANCH" missed="1" covered="11"/><counter type="LINE" missed="0" covered="31"/><counter type="COMPLEXITY" missed="1" covered="17"/><counter type="METHOD" missed="0" covered="12"/><counter type="CLASS" missed="0" covered="1"/></class><class name="eu/bitfunk/gradle/plugin/tool/publish/PublishContract$Companion" sourcefilename="PublishContract.kt"><method name="&lt;clinit&gt;" desc="()V" line="65"><counter type="INSTRUCTION" missed="7" covered="0"/><counter type="LINE" missed="1" covered="0"/><counter type="COMPLEXITY" missed="1" covered="0"/><counter type="METHOD" missed="1" covered="0"/></method><counter type="INSTRUCTION" missed="7" covered="0"/><counter type="LINE" missed="1" covered="0"/><counter type="COMPLEXITY" missed="1" covered="0"/><counter type="METHOD" missed="1" covered="0"/><counter type="CLASS" missed="1" covered="0"/></class><class name="eu/bitfunk/gradle/plugin/tool/publish/PublishPlugin$configurePublishing$$inlined$with$lambda$1$1$1$1$1$1" sourcefilename="PublishPlugin.kt"><method name="execute" desc="(Lorg/gradle/api/publish/maven/MavenPomLicense;)V" line="66"><counter type="INSTRUCTION" missed="0" covered="28"/><counter type="LINE" missed="0" covered="3"/><counter type="COMPLEXITY" missed="0" covered="1"/><counter type="METHOD" missed="0" covered="1"/></method><counter type="INSTRUCTION" missed="0" covered="28"/><counter type="LINE" missed="0" covered="3"/><counter type="COMPLEXITY" missed="0" covered="1"/><counter type="METHOD" missed="0" covered="1"/><counter type="CLASS" missed="0" covered="1"/></class><class name="eu/bitfunk/gradle/plugin/tool/publish/PublishPlugin$configurePublishing$$inlined$with$lambda$1" sourcefilename="PublishPlugin.kt"><method name="execute" desc="(Lorg/gradle/api/publish/PublishingExtension;)V" line="57"><counter type="INSTRUCTION" missed="0" covered="11"/><counter type="LINE" missed="0" covered="2"/><counter type="COMPLEXITY" missed="0" covered="1"/><counter type="METHOD" missed="0" covered="1"/></method><counter type="INSTRUCTION" missed="0" covered="11"/><counter type="LINE" missed="0" covered="2"/><counter type="COMPLEXITY" missed="0" covered="1"/><counter type="METHOD" missed="0" covered="1"/><counter type="CLASS" missed="0" covered="1"/></class><class name="eu/bitfunk/gradle/plugin/tool/publish/PublishPlugin$configurePublishing$$inlined$with$lambda$1$1$1$1$2$1" sourcefilename="PublishPlugin.kt"><method name="execute" desc="(Lorg/gradle/api/publish/maven/MavenPomDeveloper;)V" line="73"><counter type="INSTRUCTION" missed="0" covered="64"/><counter type="LINE" missed="0" covered="6"/><counter type="COMPLEXITY" missed="0" covered="1"/><counter type="METHOD" missed="0" covered="1"/></method><counter type="INSTRUCTION" missed="0" covered="64"/><counter type="LINE" missed="0" covered="6"/><counter type="COMPLEXITY" missed="0" covered="1"/><counter type="METHOD" missed="0" covered="1"/><counter type="CLASS" missed="0" covered="1"/></class><class name="eu/bitfunk/gradle/plugin/tool/publish/PublishPlugin$configurePublishing$$inlined$with$lambda$1$1$1$1$3" sourcefilename="PublishPlugin.kt"><method name="execute" desc="(Lorg/gradle/api/publish/maven/MavenPomScm;)V" line="82"><counter type="INSTRUCTION" missed="0" covered="74"/><counter type="LINE" missed="0" covered="7"/><counter type="COMPLEXITY" missed="0" covered="1"/><counter type="METHOD" missed="0" covered="1"/></method><counter type="INSTRUCTION" missed="0" covered="74"/><counter type="LINE" missed="0" covered="7"/><counter type="COMPLEXITY" missed="0" covered="1"/><counter type="METHOD" missed="0" covered="1"/><counter type="CLASS" missed="0" covered="1"/></class><class name="eu/bitfunk/gradle/plugin/tool/publish/PublishContract" sourcefilename="PublishContract.kt"/><class name="eu/bitfunk/gradle/plugin/tool/publish/PublishPlugin$configurePublishing$$inlined$with$lambda$1$1$1$1$4" sourcefilename="PublishPlugin.kt"><method name="execute" desc="(Lorg/gradle/api/publish/maven/MavenPomIssueManagement;)V" line="92"><counter type="INSTRUCTION" missed="0" covered="26"/><counter type="LINE" missed="0" covered="3"/><counter type="COMPLEXITY" missed="0" covered="1"/><counter type="METHOD" missed="0" covered="1"/></method><counter type="INSTRUCTION" missed="0" covered="26"/><counter type="LINE" missed="0" covered="3"/><counter type="COMPLEXITY" missed="0" covered="1"/><counter type="METHOD" missed="0" covered="1"/><counter type="CLASS" missed="0" covered="1"/></class><class name="eu/bitfunk/gradle/plugin/tool/publish/PublishPlugin$configureSigning$$inlined$with$lambda$1" sourcefilename="PublishPlugin.kt"><method name="execute" desc="(Lorg/gradle/plugins/signing/SigningExtension;)V" line="106"><counter type="INSTRUCTION" missed="0" covered="25"/><counter type="LINE" missed="0" covered="6"/><counter type="COMPLEXITY" missed="0" covered="1"/><counter type="METHOD" missed="0" covered="1"/></method><counter type="INSTRUCTION" missed="0" covered="25"/><counter type="LINE" missed="0" covered="6"/><counter type="COMPLEXITY" missed="0" covered="1"/><counter type="METHOD" missed="0" covered="1"/><counter type="CLASS" missed="0" covered="1"/></class><class name="eu/bitfunk/gradle/plugin/tool/publish/PublishPlugin$Companion" sourcefilename="PublishPlugin.kt"/><class name="eu/bitfunk/gradle/plugin/tool/publish/PublishPlugin$configurePublishing$$inlined$with$lambda$1$1$1$1$1" sourcefilename="PublishPlugin.kt"><method name="execute" desc="(Lorg/gradle/api/publish/maven/MavenPomLicenseSpec;)V" line="65"><counter type="INSTRUCTION" missed="0" covered="11"/><counter type="LINE" missed="0" covered="2"/><counter type="COMPLEXITY" missed="0" covered="1"/><counter type="METHOD" missed="0" covered="1"/></method><counter type="INSTRUCTION" missed="0" covered="11"/><counter type="LINE" missed="0" covered="2"/><counter type="COMPLEXITY" missed="0" covered="1"/><counter type="METHOD" missed="0" covered="1"/><counter type="CLASS" missed="0" covered="1"/></class><class name="eu/bitfunk/gradle/plugin/tool/publish/PublishPluginExtension" sourcefilename="PublishPluginExtension.kt"/><class name="eu/bitfunk/gradle/plugin/tool/publish/PublishPlugin$configurePublishing$$inlined$with$lambda$1$1$1$1$2" sourcefilename="PublishPlugin.kt"><method name="execute" desc="(Lorg/gradle/api/publish/maven/MavenPomDeveloperSpec;)V" line="72"><counter type="INSTRUCTION" missed="0" covered="11"/><counter type="LINE" missed="0" covered="2"/><counter type="COMPLEXITY" missed="0" covered="1"/><counter type="METHOD" missed="0" covered="1"/></method><counter type="INSTRUCTION" missed="0" covered="11"/><counter type="LINE" missed="0" covered="2"/><counter type="COMPLEXITY" missed="0" covered="1"/><counter type="METHOD" missed="0" covered="1"/><counter type="CLASS" missed="0" covered="1"/></class><class name="eu/bitfunk/gradle/plugin/tool/publish/PublishPlugin$configurePublishing$$inlined$with$lambda$1$1" sourcefilename="PublishPlugin.kt"><method name="execute" desc="(Lorg/gradle/api/publish/PublicationContainer;)V" line="58"><counter type="INSTRUCTION" missed="0" covered="15"/><counter type="LINE" missed="0" covered="2"/><counter type="COMPLEXITY" missed="0" covered="1"/><counter type="METHOD" missed="0" covered="1"/></method><counter type="INSTRUCTION" missed="0" covered="15"/><counter type="LINE" missed="0" covered="2"/><counter type="COMPLEXITY" missed="0" covered="1"/><counter type="METHOD" missed="0" covered="1"/><counter type="CLASS" missed="0" covered="1"/></class><class name="eu/bitfunk/gradle/plugin/tool/publish/PublishPlugin$configurePublishing$$inlined$with$lambda$1$1$1$1" sourcefilename="PublishPlugin.kt"><method name="execute" desc="(Lorg/gradle/api/publish/maven/MavenPom;)V" line="60"><counter type="INSTRUCTION" missed="0" covered="62"/><counter type="LINE" missed="0" covered="8"/><counter type="COMPLEXITY" missed="0" covered="1"/><counter type="METHOD" missed="0" covered="1"/></method><counter type="INSTRUCTION" missed="0" covered="62"/><counter type="LINE" missed="0" covered="8"/><counter type="COMPLEXITY" missed="0" covered="1"/><counter type="METHOD" missed="0" covered="1"/><counter type="CLASS" missed="0" covered="1"/></class><sourcefile name="PublishContract.kt"><line nr="65" mi="7" ci="0" mb="0" cb="0"/><counter type="INSTRUCTION" missed="7" covered="0"/><counter type="LINE" missed="1" covered="0"/><counter type="COMPLEXITY" missed="1" covered="0"/><counter type="METHOD" missed="1" covered="0"/><counter type="CLASS" missed="1" covered="0"/></sourcefile><sourcefile name="PublishPlugin.kt"><line nr="32" mi="0" ci="3" mb="0" cb="0"/><line nr="35" mi="0" ci="3" mb="0" cb="0"/><line nr="36" mi="0" ci="4" mb="0" cb="0"/><line nr="38" mi="0" ci="4" mb="0" cb="0"/><line nr="39" mi="0" ci="4" mb="0" cb="0"/><line nr="40" mi="0" ci="1" mb="0" cb="0"/><line nr="43" mi="0" ci="4" mb="0" cb="0"/><line nr="44" mi="0" ci="4" mb="0" cb="0"/><line nr="45" mi="0" ci="1" mb="0" cb="0"/><line nr="47" mi="0" ci="4" mb="0" cb="0"/><line nr="48" mi="0" ci="12" mb="0" cb="0"/><line nr="50" mi="0" ci="6" mb="0" cb="0"/><line nr="52" mi="0" ci="3" mb="0" cb="0"/><line nr="55" mi="0" ci="5" mb="0" cb="0"/><line nr="56" mi="0" ci="9" mb="0" cb="0"/><line nr="57" mi="0" ci="7" mb="0" cb="0"/><line nr="58" mi="0" ci="11" mb="0" cb="0"/><line nr="59" mi="0" ci="7" mb="0" cb="0"/><line nr="60" mi="0" ci="10" mb="0" cb="0"/><line nr="61" mi="0" ci="10" mb="0" cb="0"/><line nr="62" mi="0" ci="10" mb="0" cb="0"/><line nr="64" mi="0" ci="7" mb="0" cb="0"/><line nr="65" mi="0" ci="7" mb="0" cb="0"/><line nr="66" mi="0" ci="12" mb="0" cb="0"/><line nr="67" mi="0" ci="12" mb="0" cb="0"/><line nr="68" mi="0" ci="1" mb="0" cb="0"/><line nr="69" mi="0" ci="1" mb="0" cb="0"/><line nr="71" mi="0" ci="7" mb="0" cb="0"/><line nr="72" mi="0" ci="7" mb="0" cb="0"/><line nr="73" mi="0" ci="12" mb="0" cb="0"/><line nr="74" mi="0" ci="12" mb="0" cb="0"/><line nr="75" mi="0" ci="12" mb="0" cb="0"/><line nr="76" mi="0" ci="12" mb="0" cb="0"/><line nr="77" mi="0" ci="12" mb="0" cb="0"/><line nr="78" mi="0" ci="1" mb="0" cb="0"/><line nr="79" mi="0" ci="1" mb="0" cb="0"/><line nr="81" mi="0" ci="7" mb="0" cb="0"/><line nr="82" mi="0" ci="13" mb="0" cb="0"/><line nr="83" mi="0" ci="12" mb="0" cb="0"/><line nr="84" mi="0" ci="8" mb="0" cb="0"/><line nr="86" mi="0" ci="13" mb="0" cb="0"/><line nr="87" mi="0" ci="13" mb="0" cb="0"/><line nr="88" mi="0" ci="11" mb="0" cb="0"/><line nr="89" mi="0" ci="1" mb="0" cb="0"/><line nr="91" mi="0" ci="7" mb="0" cb="0"/><line nr="92" mi="0" ci="11" mb="0" cb="0"/><line nr="93" mi="0" ci="11" mb="0" cb="0"/><line nr="94" mi="0" ci="1" mb="0" cb="0"/><line nr="95" mi="0" ci="1" mb="0" cb="0"/><line nr="96" mi="0" ci="1" mb="0" cb="0"/><line nr="97" mi="0" ci="1" mb="0" cb="0"/><line nr="98" mi="0" ci="1" mb="0" cb="0"/><line nr="99" mi="0" ci="2" mb="0" cb="0"/><line nr="101" mi="0" ci="5" mb="0" cb="0"/><line nr="102" mi="0" ci="9" mb="0" cb="2"/><line nr="103" mi="0" ci="5" mb="0" cb="0"/><line nr="105" mi="0" ci="11" mb="0" cb="0"/><line nr="106" mi="0" ci="3" mb="0" cb="0"/><line nr="107" mi="0" ci="2" mb="0" cb="0"/><line nr="108" mi="0" ci="5" mb="0" cb="0"/><line nr="109" mi="0" ci="5" mb="0" cb="0"/><line nr="112" mi="0" ci="6" mb="0" cb="0"/><line nr="113" mi="0" ci="1" mb="0" cb="0"/><line nr="115" mi="0" ci="2" mb="0" cb="0"/><line nr="118" mi="0" ci="6" mb="0" cb="0"/><line nr="122" mi="0" ci="6" mb="0" cb="0"/><line nr="126" mi="0" ci="10" mb="0" cb="2"/><line nr="128" mi="0" ci="37" mb="1" cb="7"/><line nr="130" mi="0" ci="2" mb="0" cb="0"/><line nr="134" mi="0" ci="5" mb="0" cb="0"/><line nr="135" mi="0" ci="1" mb="0" cb="0"/><line nr="138" mi="0" ci="5" mb="0" cb="0"/><line nr="139" mi="0" ci="1" mb="0" cb="0"/><line nr="142" mi="0" ci="11" mb="0" cb="0"/><counter type="INSTRUCTION" missed="0" covered="544"/><counter type="BRANCH" missed="1" covered="11"/><counter type="LINE" missed="0" covered="74"/><counter type="COMPLEXITY" missed="1" covered="28"/><counter type="METHOD" missed="0" covered="23"/><counter type="CLASS" missed="0" covered="12"/></sourcefile><sourcefile name="DomainObjectCollectionExtensions.kt"/><sourcefile name="PublishPluginExtension.kt"/><counter type="INSTRUCTION" missed="7" covered="544"/><counter type="BRANCH" missed="1" covered="11"/><counter type="LINE" missed="1" covered="74"/><counter type="COMPLEXITY" missed="2" covered="28"/><counter type="METHOD" missed="1" covered="23"/><counter type="CLASS" missed="1" covered="12"/></package><counter type="INSTRUCTION" missed="7" covered="544"/><counter type="BRANCH" missed="1" covered="11"/><counter type="LINE" missed="1" covered="74"/><counter type="COMPLEXITY" missed="2" covered="28"/><counter type="METHOD" missed="1" covered="23"/><counter type="CLASS" missed="1" covered="12"/></report>