<?xml version="1.0" encoding="UTF-8" standalone="yes"?><!DOCTYPE report PUBLIC "-//JACOCO//DTD Report 1.1//EN" "report.dtd"><report name="gradle-plugin-convention"><sessioninfo id="fv-az189-385-34eb5dc8" start="1671637667415" dump="1671637865970"/><package name="eu/bitfunk/gradle/plugin/development/convention"><class name="eu/bitfunk/gradle/plugin/development/convention/GradlePluginConventionPlugin$configureTestCoverageTasks$1$2$1$1$1" sourcefilename="GradlePluginConventionPlugin.kt"><method name="execute" desc="(Lorg/gradle/testing/jacoco/tasks/rules/JacocoLimit;)V" line="152"><counter type="INSTRUCTION" missed="0" covered="12"/><counter type="LINE" missed="0" covered="2"/><counter type="COMPLEXITY" missed="0" covered="1"/><counter type="METHOD" missed="0" covered="1"/></method><counter type="INSTRUCTION" missed="0" covered="12"/><counter type="LINE" missed="0" covered="2"/><counter type="COMPLEXITY" missed="0" covered="1"/><counter type="METHOD" missed="0" covered="1"/><counter type="CLASS" missed="0" covered="1"/></class><class name="eu/bitfunk/gradle/plugin/development/convention/GradlePluginConventionPlugin$configureDependencies$1$1" sourcefilename="GradlePluginConventionPlugin.kt"><method name="invoke" desc="(Lorg/gradle/kotlin/dsl/DependencyHandlerScope;)V" line="110"><counter type="INSTRUCTION" missed="0" covered="94"/><counter type="LINE" missed="0" covered="9"/><counter type="COMPLEXITY" missed="0" covered="1"/><counter type="METHOD" missed="0" covered="1"/></method><counter type="INSTRUCTION" missed="0" covered="94"/><counter type="LINE" missed="0" covered="9"/><counter type="COMPLEXITY" missed="0" covered="1"/><counter type="METHOD" missed="0" covered="1"/><counter type="CLASS" missed="0" covered="1"/></class><class name="eu/bitfunk/gradle/plugin/development/convention/GradlePluginConventionPlugin$configureKotlin$1$1" sourcefilename="GradlePluginConventionPlugin.kt"><method name="execute" desc="(Lorg/jetbrains/kotlin/gradle/dsl/KotlinJvmProjectExtension;)V" line="102"><counter type="INSTRUCTION" missed="0" covered="6"/><counter type="LINE" missed="0" covered="2"/><counter type="COMPLEXITY" missed="0" covered="1"/><counter type="METHOD" missed="0" covered="1"/></method><counter type="INSTRUCTION" missed="0" covered="6"/><counter type="LINE" missed="0" covered="2"/><counter type="COMPLEXITY" missed="0" covered="1"/><counter type="METHOD" missed="0" covered="1"/><counter type="CLASS" missed="0" covered="1"/></class><class name="eu/bitfunk/gradle/plugin/development/convention/GradlePluginConventionContract" sourcefilename="GradlePluginConventionContract.kt"/><class name="eu/bitfunk/gradle/plugin/development/convention/GradlePluginConventionPlugin" sourcefilename="GradlePluginConventionPlugin.kt"><method name="apply" desc="(Lorg/gradle/api/Project;)V" line="43"><counter type="INSTRUCTION" missed="0" covered="42"/><counter type="LINE" missed="0" covered="13"/><counter type="COMPLEXITY" missed="0" covered="1"/><counter type="METHOD" missed="0" covered="1"/></method><method name="checkPreconditions" desc="(Lorg/gradle/api/Project;)V" line="58"><counter type="INSTRUCTION" missed="0" covered="15"/><counter type="BRANCH" missed="0" covered="2"/><counter type="LINE" missed="0" covered="3"/><counter type="COMPLEXITY" missed="0" covered="2"/><counter type="METHOD" missed="0" covered="1"/></method><method name="addPlugins" desc="(Lorg/gradle/api/Project;)V" line="63"><counter type="INSTRUCTION" missed="0" covered="26"/><counter type="LINE" missed="0" covered="6"/><counter type="COMPLEXITY" missed="0" covered="1"/><counter type="METHOD" missed="0" covered="1"/></method><method name="addRepositories" desc="(Lorg/gradle/api/Project;)V" line="70"><counter type="INSTRUCTION" missed="0" covered="14"/><counter type="LINE" missed="0" covered="3"/><counter type="COMPLEXITY" missed="0" covered="1"/><counter type="METHOD" missed="0" covered="1"/></method><method name="addExtension" desc="(Lorg/gradle/api/Project;)Leu/bitfunk/gradle/plugin/development/convention/GradlePluginConventionContract$Extension;" line="79"><counter type="INSTRUCTION" missed="0" covered="42"/><counter type="LINE" missed="0" covered="9"/><counter type="COMPLEXITY" missed="0" covered="1"/><counter type="METHOD" missed="0" covered="1"/></method><method name="configureJavaCompatibility" desc="(Lorg/gradle/api/Project;)V" line="93"><counter type="INSTRUCTION" missed="0" covered="14"/><counter type="LINE" missed="0" covered="3"/><counter type="COMPLEXITY" missed="0" covered="1"/><counter type="METHOD" missed="0" covered="1"/></method><method name="configureKotlin" desc="(Lorg/gradle/api/Project;)V" line="100"><counter type="INSTRUCTION" missed="0" covered="14"/><counter type="LINE" missed="0" covered="3"/><counter type="COMPLEXITY" missed="0" covered="1"/><counter type="METHOD" missed="0" covered="1"/></method><method name="configureDependencies" desc="(Lorg/gradle/api/Project;)V" line="106"><counter type="INSTRUCTION" missed="0" covered="22"/><counter type="LINE" missed="0" covered="4"/><counter type="COMPLEXITY" missed="0" covered="1"/><counter type="METHOD" missed="0" covered="1"/></method><method name="configureTests" desc="(Lorg/gradle/api/Project;)V" line="122"><counter type="INSTRUCTION" missed="0" covered="22"/><counter type="LINE" missed="0" covered="3"/><counter type="COMPLEXITY" missed="0" covered="1"/><counter type="METHOD" missed="0" covered="1"/></method><method name="configureTestCoverage" desc="(Lorg/gradle/api/Project;)V" line="128"><counter type="INSTRUCTION" missed="0" covered="22"/><counter type="LINE" missed="0" covered="4"/><counter type="COMPLEXITY" missed="0" covered="1"/><counter type="METHOD" missed="0" covered="1"/></method><method name="configureTestCoverageTasks" desc="(Lorg/gradle/api/Project;)V" line="136"><counter type="INSTRUCTION" missed="0" covered="54"/><counter type="LINE" missed="0" covered="5"/><counter type="COMPLEXITY" missed="0" covered="1"/><counter type="METHOD" missed="0" covered="1"/></method><method name="configureGradleWrapper" desc="(Lorg/gradle/api/Project;)V" line="163"><counter type="INSTRUCTION" missed="0" covered="32"/><counter type="LINE" missed="0" covered="4"/><counter type="COMPLEXITY" missed="0" covered="1"/><counter type="METHOD" missed="0" covered="1"/></method><method name="&lt;init&gt;" desc="()V" line="40"><counter type="INSTRUCTION" missed="0" covered="3"/><counter type="LINE" missed="0" covered="1"/><counter type="COMPLEXITY" missed="0" covered="1"/><counter type="METHOD" missed="0" covered="1"/></method><counter type="INSTRUCTION" missed="0" covered="322"/><counter type="BRANCH" missed="0" covered="2"/><counter type="LINE" missed="0" covered="61"/><counter type="COMPLEXITY" missed="0" covered="14"/><counter type="METHOD" missed="0" covered="13"/><counter type="CLASS" missed="0" covered="1"/></class><class name="eu/bitfunk/gradle/plugin/development/convention/GradlePluginConventionPlugin$inlined$sam$i$org_gradle_api_Action$0" sourcefilename="TaskContainerExtensions.kt"/><class name="eu/bitfunk/gradle/plugin/development/convention/GradlePluginConventionContract$Companion" sourcefilename="GradlePluginConventionContract.kt"><method name="&lt;clinit&gt;" desc="()V" line="62"><counter type="INSTRUCTION" missed="7" covered="0"/><counter type="LINE" missed="1" covered="0"/><counter type="COMPLEXITY" missed="1" covered="0"/><counter type="METHOD" missed="1" covered="0"/></method><counter type="INSTRUCTION" missed="7" covered="0"/><counter type="LINE" missed="1" covered="0"/><counter type="COMPLEXITY" missed="1" covered="0"/><counter type="METHOD" missed="1" covered="0"/><counter type="CLASS" missed="1" covered="0"/></class><class name="eu/bitfunk/gradle/plugin/development/convention/GradlePluginConventionPlugin$configureTestCoverageTasks$1$3" sourcefilename="GradlePluginConventionPlugin.kt"><method name="execute" desc="(Lorg/gradle/api/Task;)V" line="159"><counter type="INSTRUCTION" missed="0" covered="17"/><counter type="LINE" missed="0" covered="2"/><counter type="COMPLEXITY" missed="0" covered="1"/><counter type="METHOD" missed="0" covered="1"/></method><counter type="INSTRUCTION" missed="0" covered="17"/><counter type="LINE" missed="0" covered="2"/><counter type="COMPLEXITY" missed="0" covered="1"/><counter type="METHOD" missed="0" covered="1"/><counter type="CLASS" missed="0" covered="1"/></class><class name="eu/bitfunk/gradle/plugin/development/convention/GradlePluginConventionPlugin$configureTestCoverageTasks$1$2" sourcefilename="GradlePluginConventionPlugin.kt"><method name="invoke" desc="(Lorg/gradle/testing/jacoco/tasks/JacocoCoverageVerification;)V" line="147"><counter type="INSTRUCTION" missed="0" covered="22"/><counter type="LINE" missed="0" covered="3"/><counter type="COMPLEXITY" missed="0" covered="1"/><counter type="METHOD" missed="0" covered="1"/></method><counter type="INSTRUCTION" missed="0" covered="22"/><counter type="LINE" missed="0" covered="3"/><counter type="COMPLEXITY" missed="0" covered="1"/><counter type="METHOD" missed="0" covered="1"/><counter type="CLASS" missed="0" covered="1"/></class><class name="eu/bitfunk/gradle/plugin/development/convention/GradlePluginConventionPlugin$configureTestCoverageTasks$1$1" sourcefilename="GradlePluginConventionPlugin.kt"><method name="invoke" desc="(Lorg/gradle/testing/jacoco/tasks/JacocoReport;)V" line="138"><counter type="INSTRUCTION" missed="0" covered="22"/><counter type="LINE" missed="0" covered="3"/><counter type="COMPLEXITY" missed="0" covered="1"/><counter type="METHOD" missed="0" covered="1"/></method><counter type="INSTRUCTION" missed="0" covered="22"/><counter type="LINE" missed="0" covered="3"/><counter type="COMPLEXITY" missed="0" covered="1"/><counter type="METHOD" missed="0" covered="1"/><counter type="CLASS" missed="0" covered="1"/></class><class name="eu/bitfunk/gradle/plugin/development/convention/GradlePluginConventionPlugin$configureTestCoverageTasks$1$1$1" sourcefilename="GradlePluginConventionPlugin.kt"><method name="execute" desc="(Lorg/gradle/testing/jacoco/tasks/JacocoReportsContainer;)V" line="141"><counter type="INSTRUCTION" missed="0" covered="22"/><counter type="LINE" missed="0" covered="3"/><counter type="COMPLEXITY" missed="0" covered="1"/><counter type="METHOD" missed="0" covered="1"/></method><counter type="INSTRUCTION" missed="0" covered="22"/><counter type="LINE" missed="0" covered="3"/><counter type="COMPLEXITY" missed="0" covered="1"/><counter type="METHOD" missed="0" covered="1"/><counter type="CLASS" missed="0" covered="1"/></class><class name="eu/bitfunk/gradle/plugin/development/convention/GradlePluginConventionPlugin$configureTestCoverageTasks$1$2$1" sourcefilename="GradlePluginConventionPlugin.kt"><method name="execute" desc="(Lorg/gradle/testing/jacoco/tasks/rules/JacocoViolationRulesContainer;)V" line="150"><counter type="INSTRUCTION" missed="0" covered="9"/><counter type="LINE" missed="0" covered="2"/><counter type="COMPLEXITY" missed="0" covered="1"/><counter type="METHOD" missed="0" covered="1"/></method><counter type="INSTRUCTION" missed="0" covered="9"/><counter type="LINE" missed="0" covered="2"/><counter type="COMPLEXITY" missed="0" covered="1"/><counter type="METHOD" missed="0" covered="1"/><counter type="CLASS" missed="0" covered="1"/></class><class name="eu/bitfunk/gradle/plugin/development/convention/GradlePluginConventionContract$Plugin" sourcefilename="GradlePluginConventionContract.kt"/><class name="eu/bitfunk/gradle/plugin/development/convention/GradleKotlinExtensionsKt" sourcefilename="GradleKotlinExtensions.kt"><method name="kotlinJvm" desc="(Lorg/gradle/api/Project;Lorg/gradle/api/Action;)V" line="26"><counter type="INSTRUCTION" missed="0" covered="12"/><counter type="LINE" missed="0" covered="2"/><counter type="COMPLEXITY" missed="0" covered="1"/><counter type="METHOD" missed="0" covered="1"/></method><counter type="INSTRUCTION" missed="0" covered="12"/><counter type="LINE" missed="0" covered="2"/><counter type="COMPLEXITY" missed="0" covered="1"/><counter type="METHOD" missed="0" covered="1"/><counter type="CLASS" missed="0" covered="1"/></class><class name="eu/bitfunk/gradle/plugin/development/convention/GradlePluginConventionPlugin$configureJavaCompatibility$1$1" sourcefilename="GradlePluginConventionPlugin.kt"><method name="execute" desc="(Lorg/gradle/api/plugins/JavaPluginExtension;)V" line="95"><counter type="INSTRUCTION" missed="0" covered="10"/><counter type="LINE" missed="0" covered="3"/><counter type="COMPLEXITY" missed="0" covered="1"/><counter type="METHOD" missed="0" covered="1"/></method><counter type="INSTRUCTION" missed="0" covered="10"/><counter type="LINE" missed="0" covered="3"/><counter type="COMPLEXITY" missed="0" covered="1"/><counter type="METHOD" missed="0" covered="1"/><counter type="CLASS" missed="0" covered="1"/></class><class name="eu/bitfunk/gradle/plugin/development/convention/GradlePluginConventionContract$Extension" sourcefilename="GradlePluginConventionContract.kt"/><class name="eu/bitfunk/gradle/plugin/development/convention/GradleExtensionsKt" sourcefilename="GradleExtensions.kt"><method name="javaPlugin" desc="(Lorg/gradle/api/Project;Lorg/gradle/api/Action;)V" line="29"><counter type="INSTRUCTION" missed="0" covered="12"/><counter type="LINE" missed="0" covered="2"/><counter type="COMPLEXITY" missed="0" covered="1"/><counter type="METHOD" missed="0" covered="1"/></method><method name="jacoco" desc="(Lorg/gradle/api/Project;Lorg/gradle/api/Action;)V" line="33"><counter type="INSTRUCTION" missed="0" covered="12"/><counter type="LINE" missed="0" covered="2"/><counter type="COMPLEXITY" missed="0" covered="1"/><counter type="METHOD" missed="0" covered="1"/></method><method name="implementation" desc="(Lorg/gradle/api/artifacts/dsl/DependencyHandler;Ljava/lang/Object;)Lorg/gradle/api/artifacts/Dependency;" line="37"><counter type="INSTRUCTION" missed="0" covered="11"/><counter type="LINE" missed="0" covered="1"/><counter type="COMPLEXITY" missed="0" covered="1"/><counter type="METHOD" missed="0" covered="1"/></method><method name="testImplementation" desc="(Lorg/gradle/api/artifacts/dsl/DependencyHandler;Ljava/lang/Object;)Lorg/gradle/api/artifacts/Dependency;" line="40"><counter type="INSTRUCTION" missed="0" covered="11"/><counter type="LINE" missed="0" covered="1"/><counter type="COMPLEXITY" missed="0" covered="1"/><counter type="METHOD" missed="0" covered="1"/></method><method name="testRuntimeOnly" desc="(Lorg/gradle/api/artifacts/dsl/DependencyHandler;Ljava/lang/Object;)Lorg/gradle/api/artifacts/Dependency;" line="43"><counter type="INSTRUCTION" missed="0" covered="11"/><counter type="LINE" missed="0" covered="1"/><counter type="COMPLEXITY" missed="0" covered="1"/><counter type="METHOD" missed="0" covered="1"/></method><counter type="INSTRUCTION" missed="0" covered="57"/><counter type="LINE" missed="0" covered="7"/><counter type="COMPLEXITY" missed="0" covered="5"/><counter type="METHOD" missed="0" covered="5"/><counter type="CLASS" missed="0" covered="1"/></class><class name="eu/bitfunk/gradle/plugin/development/convention/GradlePluginConventionPlugin$configureGradleWrapper$1$1" sourcefilename="GradlePluginConventionPlugin.kt"><method name="invoke" desc="(Lorg/gradle/api/tasks/wrapper/Wrapper;)V" line="167"><counter type="INSTRUCTION" missed="0" covered="14"/><counter type="LINE" missed="0" covered="3"/><counter type="COMPLEXITY" missed="0" covered="1"/><counter type="METHOD" missed="0" covered="1"/></method><counter type="INSTRUCTION" missed="0" covered="14"/><counter type="LINE" missed="0" covered="3"/><counter type="COMPLEXITY" missed="0" covered="1"/><counter type="METHOD" missed="0" covered="1"/><counter type="CLASS" missed="0" covered="1"/></class><class name="eu/bitfunk/gradle/plugin/development/convention/GradlePluginConventionPluginExtension" sourcefilename="GradlePluginConventionPluginExtension.kt"/><class name="eu/bitfunk/gradle/plugin/development/convention/GradlePluginConventionPlugin$configureTests$1$1" sourcefilename="GradlePluginConventionPlugin.kt"><method name="execute" desc="(Lorg/gradle/api/tasks/testing/Test;)V" line="124"><counter type="INSTRUCTION" missed="0" covered="6"/><counter type="LINE" missed="0" covered="2"/><counter type="COMPLEXITY" missed="0" covered="1"/><counter type="METHOD" missed="0" covered="1"/></method><counter type="INSTRUCTION" missed="0" covered="6"/><counter type="LINE" missed="0" covered="2"/><counter type="COMPLEXITY" missed="0" covered="1"/><counter type="METHOD" missed="0" covered="1"/><counter type="CLASS" missed="0" covered="1"/></class><class name="eu/bitfunk/gradle/plugin/development/convention/GradlePluginConventionPlugin$addRepositories$1$1" sourcefilename="GradlePluginConventionPlugin.kt"><method name="invoke" desc="(Lorg/gradle/api/artifacts/dsl/RepositoryHandler;)V" line="72"><counter type="INSTRUCTION" missed="0" covered="17"/><counter type="LINE" missed="0" covered="5"/><counter type="COMPLEXITY" missed="0" covered="1"/><counter type="METHOD" missed="0" covered="1"/></method><counter type="INSTRUCTION" missed="0" covered="17"/><counter type="LINE" missed="0" covered="5"/><counter type="COMPLEXITY" missed="0" covered="1"/><counter type="METHOD" missed="0" covered="1"/><counter type="CLASS" missed="0" covered="1"/></class><class name="eu/bitfunk/gradle/plugin/development/convention/GradlePluginConventionPlugin$configureTestCoverage$1$1" sourcefilename="GradlePluginConventionPlugin.kt"><method name="execute" desc="(Lorg/gradle/testing/jacoco/plugins/JacocoPluginExtension;)V" line="132"><counter type="INSTRUCTION" missed="0" covered="12"/><counter type="LINE" missed="0" covered="2"/><counter type="COMPLEXITY" missed="0" covered="1"/><counter type="METHOD" missed="0" covered="1"/></method><counter type="INSTRUCTION" missed="0" covered="12"/><counter type="LINE" missed="0" covered="2"/><counter type="COMPLEXITY" missed="0" covered="1"/><counter type="METHOD" missed="0" covered="1"/><counter type="CLASS" missed="0" covered="1"/></class><class name="eu/bitfunk/gradle/plugin/development/convention/GradlePluginConventionPlugin$configureTestCoverageTasks$1$2$1$1" sourcefilename="GradlePluginConventionPlugin.kt"><method name="execute" desc="(Lorg/gradle/testing/jacoco/tasks/rules/JacocoViolationRule;)V" line="151"><counter type="INSTRUCTION" missed="0" covered="9"/><counter type="LINE" missed="0" covered="2"/><counter type="COMPLEXITY" missed="0" covered="1"/><counter type="METHOD" missed="0" covered="1"/></method><counter type="INSTRUCTION" missed="0" covered="9"/><counter type="LINE" missed="0" covered="2"/><counter type="COMPLEXITY" missed="0" covered="1"/><counter type="METHOD" missed="0" covered="1"/><counter type="CLASS" missed="0" covered="1"/></class><class name="eu/bitfunk/gradle/plugin/development/convention/GradlePluginConventionPlugin$Companion" sourcefilename="GradlePluginConventionPlugin.kt"/><sourcefile name="GradleExtensions.kt"><line nr="29" mi="0" ci="5" mb="0" cb="0"/><line nr="30" mi="0" ci="1" mb="0" cb="0"/><line nr="33" mi="0" ci="5" mb="0" cb="0"/><line nr="34" mi="0" ci="1" mb="0" cb="0"/><line nr="37" mi="0" ci="5" mb="0" cb="0"/><line nr="40" mi="0" ci="5" mb="0" cb="0"/><line nr="43" mi="0" ci="5" mb="0" cb="0"/><counter type="INSTRUCTION" missed="0" covered="57"/><counter type="LINE" missed="0" covered="7"/><counter type="COMPLEXITY" missed="0" covered="5"/><counter type="METHOD" missed="0" covered="5"/><counter type="CLASS" missed="0" covered="1"/></sourcefile><sourcefile name="GradleKotlinExtensions.kt"><line nr="26" mi="0" ci="5" mb="0" cb="0"/><line nr="27" mi="0" ci="1" mb="0" cb="0"/><counter type="INSTRUCTION" missed="0" covered="12"/><counter type="LINE" missed="0" covered="2"/><counter type="COMPLEXITY" missed="0" covered="1"/><counter type="METHOD" missed="0" covered="1"/><counter type="CLASS" missed="0" covered="1"/></sourcefile><sourcefile name="GradlePluginConventionPlugin.kt"><line nr="40" mi="0" ci="3" mb="0" cb="0"/><line nr="43" mi="0" ci="3" mb="0" cb="0"/><line nr="44" mi="0" ci="3" mb="0" cb="0"/><line nr="45" mi="0" ci="3" mb="0" cb="0"/><line nr="46" mi="0" ci="4" mb="0" cb="0"/><line nr="47" mi="0" ci="3" mb="0" cb="0"/><line nr="48" mi="0" ci="3" mb="0" cb="0"/><line nr="49" mi="0" ci="3" mb="0" cb="0"/><line nr="50" mi="0" ci="4" mb="0" cb="0"/><line nr="51" mi="0" ci="3" mb="0" cb="0"/><line nr="52" mi="0" ci="3" mb="0" cb="0"/><line nr="53" mi="0" ci="3" mb="0" cb="0"/><line nr="54" mi="0" ci="3" mb="0" cb="0"/><line nr="55" mi="0" ci="1" mb="0" cb="0"/><line nr="58" mi="0" ci="5" mb="0" cb="2"/><line nr="59" mi="0" ci="6" mb="0" cb="0"/><line nr="61" mi="0" ci="1" mb="0" cb="0"/><line nr="63" mi="0" ci="5" mb="0" cb="0"/><line nr="64" mi="0" ci="4" mb="0" cb="0"/><line nr="65" mi="0" ci="4" mb="0" cb="0"/><line nr="66" mi="0" ci="4" mb="0" cb="0"/><line nr="67" mi="0" ci="4" mb="0" cb="0"/><line nr="68" mi="0" ci="2" mb="0" cb="0"/><line nr="70" mi="0" ci="5" mb="0" cb="0"/><line nr="71" mi="0" ci="4" mb="0" cb="0"/><line nr="72" mi="0" ci="3" mb="0" cb="0"/><line nr="73" mi="0" ci="3" mb="0" cb="0"/><line nr="74" mi="0" ci="3" mb="0" cb="0"/><line nr="75" mi="0" ci="4" mb="0" cb="0"/><line nr="76" mi="0" ci="1" mb="0" cb="0"/><line nr="77" mi="0" ci="2" mb="0" cb="0"/><line nr="79" mi="0" ci="4" mb="0" cb="0"/><line nr="80" mi="0" ci="8" mb="0" cb="0"/><line nr="81" mi="0" ci="1" mb="0" cb="0"/><line nr="82" mi="0" ci="3" mb="0" cb="0"/><line nr="85" mi="0" ci="5" mb="0" cb="0"/><line nr="86" mi="0" ci="5" mb="0" cb="0"/><line nr="87" mi="0" ci="5" mb="0" cb="0"/><line nr="88" mi="0" ci="5" mb="0" cb="0"/><line nr="90" mi="0" ci="3" mb="0" cb="0"/><line nr="93" mi="0" ci="5" mb="0" cb="0"/><line nr="94" mi="0" ci="4" mb="0" cb="0"/><line nr="95" mi="0" ci="3" mb="0" cb="0"/><line nr="96" mi="0" ci="3" mb="0" cb="0"/><line nr="97" mi="0" ci="1" mb="0" cb="0"/><line nr="98" mi="0" ci="2" mb="0" cb="0"/><line nr="100" mi="0" ci="5" mb="0" cb="0"/><line nr="101" mi="0" ci="4" mb="0" cb="0"/><line nr="102" mi="0" ci="2" mb="0" cb="0"/><line nr="103" mi="0" ci="1" mb="0" cb="0"/><line nr="104" mi="0" ci="2" mb="0" cb="0"/><line nr="106" mi="0" ci="5" mb="0" cb="0"/><line nr="107" mi="0" ci="5" mb="0" cb="0"/><line nr="109" mi="0" ci="7" mb="0" cb="0"/><line nr="110" mi="0" ci="6" mb="0" cb="0"/><line nr="111" mi="0" ci="17" mb="0" cb="0"/><line nr="112" mi="0" ci="17" mb="0" cb="0"/><line nr="113" mi="0" ci="16" mb="0" cb="0"/><line nr="114" mi="0" ci="17" mb="0" cb="0"/><line nr="115" mi="0" ci="4" mb="0" cb="0"/><line nr="116" mi="0" ci="5" mb="0" cb="0"/><line nr="117" mi="0" ci="8" mb="0" cb="0"/><line nr="119" mi="0" ci="1" mb="0" cb="0"/><line nr="120" mi="0" ci="2" mb="0" cb="0"/><line nr="122" mi="0" ci="5" mb="0" cb="0"/><line nr="123" mi="0" ci="12" mb="0" cb="0"/><line nr="124" mi="0" ci="2" mb="0" cb="0"/><line nr="125" mi="0" ci="1" mb="0" cb="0"/><line nr="126" mi="0" ci="2" mb="0" cb="0"/><line nr="128" mi="0" ci="5" mb="0" cb="0"/><line nr="129" mi="0" ci="5" mb="0" cb="0"/><line nr="131" mi="0" ci="7" mb="0" cb="0"/><line nr="132" mi="0" ci="8" mb="0" cb="0"/><line nr="133" mi="0" ci="1" mb="0" cb="0"/><line nr="134" mi="0" ci="2" mb="0" cb="0"/><line nr="136" mi="0" ci="5" mb="0" cb="0"/><line nr="137" mi="0" ci="17" mb="0" cb="0"/><line nr="138" mi="0" ci="13" mb="0" cb="0"/><line nr="140" mi="0" ci="5" mb="0" cb="0"/><line nr="141" mi="0" ci="9" mb="0" cb="0"/><line nr="142" mi="0" ci="9" mb="0" cb="0"/><line nr="143" mi="0" ci="1" mb="0" cb="0"/><line nr="144" mi="0" ci="1" mb="0" cb="0"/><line nr="146" mi="0" ci="17" mb="0" cb="0"/><line nr="147" mi="0" ci="13" mb="0" cb="0"/><line nr="149" mi="0" ci="5" mb="0" cb="0"/><line nr="150" mi="0" ci="5" mb="0" cb="0"/><line nr="151" mi="0" ci="5" mb="0" cb="0"/><line nr="152" mi="0" ci="8" mb="0" cb="0"/><line nr="153" mi="0" ci="1" mb="0" cb="0"/><line nr="154" mi="0" ci="1" mb="0" cb="0"/><line nr="155" mi="0" ci="1" mb="0" cb="0"/><line nr="156" mi="0" ci="1" mb="0" cb="0"/><line nr="158" mi="0" ci="10" mb="0" cb="0"/><line nr="159" mi="0" ci="13" mb="0" cb="0"/><line nr="160" mi="0" ci="1" mb="0" cb="0"/><line nr="161" mi="0" ci="2" mb="0" cb="0"/><line nr="163" mi="0" ci="5" mb="0" cb="0"/><line nr="164" mi="0" ci="5" mb="0" cb="0"/><line nr="166" mi="0" ci="17" mb="0" cb="0"/><line nr="167" mi="0" ci="7" mb="0" cb="0"/><line nr="168" mi="0" ci="3" mb="0" cb="0"/><line nr="169" mi="0" ci="1" mb="0" cb="0"/><line nr="170" mi="0" ci="2" mb="0" cb="0"/><counter type="INSTRUCTION" missed="0" covered="594"/><counter type="BRANCH" missed="0" covered="2"/><counter type="LINE" missed="0" covered="104"/><counter type="COMPLEXITY" missed="0" covered="28"/><counter type="METHOD" missed="0" covered="27"/><counter type="CLASS" missed="0" covered="15"/></sourcefile><sourcefile name="TaskContainerExtensions.kt"/><sourcefile name="GradlePluginConventionPluginExtension.kt"/><sourcefile name="GradlePluginConventionContract.kt"><line nr="62" mi="7" ci="0" mb="0" cb="0"/><counter type="INSTRUCTION" missed="7" covered="0"/><counter type="LINE" missed="1" covered="0"/><counter type="COMPLEXITY" missed="1" covered="0"/><counter type="METHOD" missed="1" covered="0"/><counter type="CLASS" missed="1" covered="0"/></sourcefile><counter type="INSTRUCTION" missed="7" covered="663"/><counter type="BRANCH" missed="0" covered="2"/><counter type="LINE" missed="1" covered="113"/><counter type="COMPLEXITY" missed="1" covered="34"/><counter type="METHOD" missed="1" covered="33"/><counter type="CLASS" missed="1" covered="17"/></package><package name="eu/bitfunk/gradle/plugin/development/convention/internal"><class name="eu/bitfunk/gradle/plugin/development/convention/internal/PublishingConfig$configure$$inlined$with$lambda$1$1" sourcefilename="PublishingConfig.kt"><method name="execute" desc="(Lcom/vanniktech/maven/publish/MavenPublishBaseExtension;)V" line="45"><counter type="INSTRUCTION" missed="0" covered="30"/><counter type="LINE" missed="0" covered="8"/><counter type="COMPLEXITY" missed="0" covered="1"/><counter type="METHOD" missed="0" covered="1"/></method><counter type="INSTRUCTION" missed="0" covered="30"/><counter type="LINE" missed="0" covered="8"/><counter type="COMPLEXITY" missed="0" covered="1"/><counter type="METHOD" missed="0" covered="1"/><counter type="CLASS" missed="0" covered="1"/></class><class name="eu/bitfunk/gradle/plugin/development/convention/internal/PublishingConfig$configure$$inlined$with$lambda$1$1$1$1" sourcefilename="PublishingConfig.kt"><method name="execute" desc="(Lorg/gradle/api/publish/maven/MavenPomScm;)V" line="79"><counter type="INSTRUCTION" missed="0" covered="97"/><counter type="LINE" missed="0" covered="7"/><counter type="COMPLEXITY" missed="0" covered="1"/><counter type="METHOD" missed="0" covered="1"/></method><counter type="INSTRUCTION" missed="0" covered="97"/><counter type="LINE" missed="0" covered="7"/><counter type="COMPLEXITY" missed="0" covered="1"/><counter type="METHOD" missed="0" covered="1"/><counter type="CLASS" missed="0" covered="1"/></class><class name="eu/bitfunk/gradle/plugin/development/convention/internal/PublishingConfig$configure$$inlined$with$lambda$1$1$1" sourcefilename="PublishingConfig.kt"><method name="execute" desc="(Lorg/gradle/api/publish/maven/MavenPom;)V" line="55"><counter type="INSTRUCTION" missed="0" covered="75"/><counter type="LINE" missed="0" covered="9"/><counter type="COMPLEXITY" missed="0" covered="1"/><counter type="METHOD" missed="0" covered="1"/></method><counter type="INSTRUCTION" missed="0" covered="75"/><counter type="LINE" missed="0" covered="9"/><counter type="COMPLEXITY" missed="0" covered="1"/><counter type="METHOD" missed="0" covered="1"/><counter type="CLASS" missed="0" covered="1"/></class><class name="eu/bitfunk/gradle/plugin/development/convention/internal/PublishingConfig$configure$$inlined$with$lambda$1" sourcefilename="PublishingConfig.kt"><method name="execute" desc="(Lorg/gradle/api/Project;)V" line="44"><counter type="INSTRUCTION" missed="0" covered="12"/><counter type="LINE" missed="0" covered="2"/><counter type="COMPLEXITY" missed="0" covered="1"/><counter type="METHOD" missed="0" covered="1"/></method><counter type="INSTRUCTION" missed="0" covered="12"/><counter type="LINE" missed="0" covered="2"/><counter type="COMPLEXITY" missed="0" covered="1"/><counter type="METHOD" missed="0" covered="1"/><counter type="CLASS" missed="0" covered="1"/></class><class name="eu/bitfunk/gradle/plugin/development/convention/internal/PublishingConfig$configure$1$1$1$1$1" sourcefilename="PublishingConfig.kt"><method name="execute" desc="(Lorg/gradle/api/publish/maven/MavenPomLicenseSpec;)V" line="63"><counter type="INSTRUCTION" missed="0" covered="8"/><counter type="LINE" missed="0" covered="2"/><counter type="COMPLEXITY" missed="0" covered="1"/><counter type="METHOD" missed="0" covered="1"/></method><counter type="INSTRUCTION" missed="0" covered="8"/><counter type="LINE" missed="0" covered="2"/><counter type="COMPLEXITY" missed="0" covered="1"/><counter type="METHOD" missed="0" covered="1"/><counter type="CLASS" missed="0" covered="1"/></class><class name="eu/bitfunk/gradle/plugin/development/convention/internal/PublishingConfig$configure$1$1$1$1$2" sourcefilename="PublishingConfig.kt"><method name="execute" desc="(Lorg/gradle/api/publish/maven/MavenPomDeveloperSpec;)V" line="71"><counter type="INSTRUCTION" missed="0" covered="8"/><counter type="LINE" missed="0" covered="2"/><counter type="COMPLEXITY" missed="0" covered="1"/><counter type="METHOD" missed="0" covered="1"/></method><counter type="INSTRUCTION" missed="0" covered="8"/><counter type="LINE" missed="0" covered="2"/><counter type="COMPLEXITY" missed="0" covered="1"/><counter type="METHOD" missed="0" covered="1"/><counter type="CLASS" missed="0" covered="1"/></class><class name="eu/bitfunk/gradle/plugin/development/convention/internal/PublishingConfig" sourcefilename="PublishingConfig.kt"><method name="mavenPublishing" desc="(Lorg/gradle/api/Project;Lorg/gradle/api/Action;)V" line="33"><counter type="INSTRUCTION" missed="0" covered="6"/><counter type="LINE" missed="0" covered="2"/><counter type="COMPLEXITY" missed="0" covered="1"/><counter type="METHOD" missed="0" covered="1"/></method><method name="configure$gradle_plugin_convention" desc="(Lorg/gradle/api/Project;Leu/bitfunk/gradle/plugin/development/convention/GradlePluginConventionContract$Extension;)V" line="40"><counter type="INSTRUCTION" missed="0" covered="24"/><counter type="LINE" missed="0" covered="4"/><counter type="COMPLEXITY" missed="0" covered="1"/><counter type="METHOD" missed="0" covered="1"/></method><method name="&lt;clinit&gt;" desc="()V" line="30"><counter type="INSTRUCTION" missed="0" covered="7"/><counter type="LINE" missed="0" covered="1"/><counter type="COMPLEXITY" missed="0" covered="1"/><counter type="METHOD" missed="0" covered="1"/></method><counter type="INSTRUCTION" missed="0" covered="37"/><counter type="LINE" missed="0" covered="7"/><counter type="COMPLEXITY" missed="0" covered="3"/><counter type="METHOD" missed="0" covered="3"/><counter type="CLASS" missed="0" covered="1"/></class><class name="eu/bitfunk/gradle/plugin/development/convention/internal/PublishingConfig$configure$1$1$1$1$2$1" sourcefilename="PublishingConfig.kt"><method name="execute" desc="(Lorg/gradle/api/publish/maven/MavenPomDeveloper;)V" line="72"><counter type="INSTRUCTION" missed="0" covered="16"/><counter type="LINE" missed="0" covered="4"/><counter type="COMPLEXITY" missed="0" covered="1"/><counter type="METHOD" missed="0" covered="1"/></method><counter type="INSTRUCTION" missed="0" covered="16"/><counter type="LINE" missed="0" covered="4"/><counter type="COMPLEXITY" missed="0" covered="1"/><counter type="METHOD" missed="0" covered="1"/><counter type="CLASS" missed="0" covered="1"/></class><class name="eu/bitfunk/gradle/plugin/development/convention/internal/PublishingConfig$configure$1$1$1$1$1$1" sourcefilename="PublishingConfig.kt"><method name="execute" desc="(Lorg/gradle/api/publish/maven/MavenPomLicense;)V" line="64"><counter type="INSTRUCTION" missed="0" covered="16"/><counter type="LINE" missed="0" covered="4"/><counter type="COMPLEXITY" missed="0" covered="1"/><counter type="METHOD" missed="0" covered="1"/></method><counter type="INSTRUCTION" missed="0" covered="16"/><counter type="LINE" missed="0" covered="4"/><counter type="COMPLEXITY" missed="0" covered="1"/><counter type="METHOD" missed="0" covered="1"/><counter type="CLASS" missed="0" covered="1"/></class><sourcefile name="PublishingConfig.kt"><line nr="30" mi="0" ci="7" mb="0" cb="0"/><line nr="33" mi="0" ci="5" mb="0" cb="0"/><line nr="34" mi="0" ci="1" mb="0" cb="0"/><line nr="40" mi="0" ci="5" mb="0" cb="0"/><line nr="41" mi="0" ci="4" mb="0" cb="0"/><line nr="43" mi="0" ci="7" mb="0" cb="0"/><line nr="44" mi="0" ci="8" mb="0" cb="0"/><line nr="45" mi="0" ci="6" mb="0" cb="0"/><line nr="46" mi="0" ci="2" mb="0" cb="0"/><line nr="47" mi="0" ci="2" mb="0" cb="0"/><line nr="48" mi="0" ci="4" mb="0" cb="0"/><line nr="49" mi="0" ci="4" mb="0" cb="0"/><line nr="50" mi="0" ci="1" mb="0" cb="0"/><line nr="54" mi="0" ci="7" mb="0" cb="0"/><line nr="55" mi="0" ci="9" mb="0" cb="0"/><line nr="56" mi="0" ci="9" mb="0" cb="0"/><line nr="57" mi="0" ci="9" mb="0" cb="0"/><line nr="58" mi="0" ci="3" mb="0" cb="0"/><line nr="59" mi="0" ci="26" mb="0" cb="0"/><line nr="62" mi="0" ci="4" mb="0" cb="0"/><line nr="63" mi="0" ci="4" mb="0" cb="0"/><line nr="64" mi="0" ci="4" mb="0" cb="0"/><line nr="65" mi="0" ci="4" mb="0" cb="0"/><line nr="66" mi="0" ci="4" mb="0" cb="0"/><line nr="67" mi="0" ci="1" mb="0" cb="0"/><line nr="68" mi="0" ci="1" mb="0" cb="0"/><line nr="70" mi="0" ci="4" mb="0" cb="0"/><line nr="71" mi="0" ci="4" mb="0" cb="0"/><line nr="72" mi="0" ci="4" mb="0" cb="0"/><line nr="73" mi="0" ci="4" mb="0" cb="0"/><line nr="74" mi="0" ci="4" mb="0" cb="0"/><line nr="75" mi="0" ci="1" mb="0" cb="0"/><line nr="76" mi="0" ci="1" mb="0" cb="0"/><line nr="78" mi="0" ci="7" mb="0" cb="0"/><line nr="79" mi="0" ci="3" mb="0" cb="0"/><line nr="80" mi="0" ci="28" mb="0" cb="0"/><line nr="82" mi="0" ci="3" mb="0" cb="0"/><line nr="83" mi="0" ci="28" mb="0" cb="0"/><line nr="85" mi="0" ci="3" mb="0" cb="0"/><line nr="86" mi="0" ci="28" mb="0" cb="0"/><line nr="88" mi="0" ci="1" mb="0" cb="0"/><line nr="89" mi="0" ci="1" mb="0" cb="0"/><line nr="90" mi="0" ci="1" mb="0" cb="0"/><line nr="91" mi="0" ci="1" mb="0" cb="0"/><line nr="92" mi="0" ci="2" mb="0" cb="0"/><counter type="INSTRUCTION" missed="0" covered="299"/><counter type="LINE" missed="0" covered="45"/><counter type="COMPLEXITY" missed="0" covered="11"/><counter type="METHOD" missed="0" covered="11"/><counter type="CLASS" missed="0" covered="9"/></sourcefile><counter type="INSTRUCTION" missed="0" covered="299"/><counter type="LINE" missed="0" covered="45"/><counter type="COMPLEXITY" missed="0" covered="11"/><counter type="METHOD" missed="0" covered="11"/><counter type="CLASS" missed="0" covered="9"/></package><counter type="INSTRUCTION" missed="7" covered="962"/><counter type="BRANCH" missed="0" covered="2"/><counter type="LINE" missed="1" covered="158"/><counter type="COMPLEXITY" missed="1" covered="45"/><counter type="METHOD" missed="1" covered="44"/><counter type="CLASS" missed="1" covered="26"/></report>